<?xml version="1.0" encoding="utf-8"?><testsuites name="pytest tests"><testsuite name="pytest" errors="0" failures="0" skipped="0" tests="59" time="14.343" timestamp="2026-08-28T01:24:38.799432+03:00" hostname="MSI"><testcase classname="tests.test_analyzer" name="test_yearly_anomalies_exact" time="0.062" /><testcase classname="tests.test_analyzer" name="test_columns_match_contract" time="0.019" /><testcase classname="tests.test_analyzer" name="test_trend_perfect_line" time="0.023" /><testcase classname="tests.test_analyzer" name="test_trend_recovers_planted_slope" time="0.071" /><testcase classname="tests.test_analyzer" name="test_single_location_year_has_zero_spread" time="0.017" /><testcase classname="tests.test_analyzer" name="test_decade_averages" time="0.006" /><testcase classname="tests.test_analyzer" name="test_analyze_returns_result" time="0.017" /><testcase classname="tests.test_cli" name="test_build_dataframe_mock" time="0.012" /><testcase classname="tests.test_cli" name="test_build_dataframe_fetch_success" time="0.031" /><testcase classname="tests.test_cli" name="test_build_dataframe_rate_limit_falls_back_to_mock" time="0.016" /><testcase classname="tests.test_cli" name="test_main_mock_end_to_end" time="0.844" /><testcase classname="tests.test_cli" name="test_parse_args_defaults" time="0.001" /><testcase classname="tests.test_cli" name="test_parse_args_rejects_non_iso_date[--start-date]" time="0.005" /><testcase classname="tests.test_cli" name="test_parse_args_rejects_non_iso_date[--end-date]" time="0.003" /><testcase classname="tests.test_cli" name="test_iso_date_argument_returns_the_original_string" time="0.002" /><testcase classname="tests.test_config" name="test_locations_count" time="0.001" /><testcase classname="tests.test_config" name="test_locations_are_location_instances" time="0.001" /><testcase classname="tests.test_config" name="test_location_names_are_unique" time="0.001" /><testcase classname="tests.test_config" name="test_api_base_url_is_open_meteo_archive" time="0.002" /><testcase classname="tests.test_config" name="test_date_range_spans_1940_to_2025" time="0.002" /><testcase classname="tests.test_config" name="test_output_dir_is_path" time="0.001" /><testcase classname="tests.test_config" name="test_chart_dpi_is_publication_quality" time="0.001" /><testcase classname="tests.test_config" name="test_retry_config_sane" time="0.001" /><testcase classname="tests.test_fetcher" name="test_fetch_location_success" time="0.004" /><testcase classname="tests.test_fetcher" name="test_fetch_location_params_sent_correctly" time="0.003" /><testcase classname="tests.test_fetcher" name="test_rate_limit_raises[Hourly API request limit exceeded]" time="0.003" /><testcase classname="tests.test_fetcher" name="test_rate_limit_raises[Daily API request limit exceeded]" time="0.002" /><testcase classname="tests.test_fetcher" name="test_transient_error_then_success" time="0.005" /><testcase classname="tests.test_fetcher" name="test_persistent_failure_raises" time="0.002" /><testcase classname="tests.test_fetcher" name="test_missing_daily_block_raises" time="0.002" /><testcase classname="tests.test_fetcher" name="test_fetch_all_concatenates" time="0.006" /><testcase classname="tests.test_fetcher" name="test_default_client_constructed_when_none_passed" time="0.299" /><testcase classname="tests.test_fetcher" name="test_close_does_not_close_external_client" time="0.001" /><testcase classname="tests.test_mock_data" name="test_schema_matches_contract" time="0.006" /><testcase classname="tests.test_mock_data" name="test_trend_signal_is_recoverable" time="0.033" /><testcase classname="tests.test_mock_data" name="test_hemisphere_seasonality_opposite_phase" time="0.011" /><testcase classname="tests.test_mock_data" name="test_seed_reproducibility" time="0.010" /><testcase classname="tests.test_mock_data" name="test_different_seeds_produce_different_data" time="0.007" /><testcase classname="tests.test_mock_data" name="test_missing_rate_produces_nans_and_drops" time="0.010" /><testcase classname="tests.test_mock_data" name="test_missing_rate_zero_leaves_data_intact" time="0.004" /><testcase classname="tests.test_mock_data" name="test_ar1_noise_first_element_matches_epsilon" time="0.001" /><testcase classname="tests.test_models.TestLocation" name="test_valid_location" time="0.001" /><testcase classname="tests.test_models.TestLocation" name="test_out_of_range_coordinates_rejected[90.1-0.0]" time="0.004" /><testcase classname="tests.test_models.TestLocation" name="test_out_of_range_coordinates_rejected[-90.1-0.0]" time="0.002" /><testcase classname="tests.test_models.TestLocation" name="test_out_of_range_coordinates_rejected[0.0-180.1]" time="0.001" /><testcase classname="tests.test_models.TestLocation" name="test_out_of_range_coordinates_rejected[0.0--180.1]" time="0.001" /><testcase classname="tests.test_models.TestLocation" name="test_empty_name_rejected" time="0.001" /><testcase classname="tests.test_models.TestDailyTemperatureRecord" name="test_with_temperature" time="0.001" /><testcase classname="tests.test_models.TestDailyTemperatureRecord" name="test_null_temperature_allowed" time="0.001" /><testcase classname="tests.test_models.TestYearlyAnomaly" name="test_valid" time="0.002" /><testcase classname="tests.test_models.TestYearlyAnomaly" name="test_negative_std_rejected" time="0.001" /><testcase classname="tests.test_models.TestYearlyAnomaly" name="test_zero_n_rejected" time="0.001" /><testcase classname="tests.test_models.TestTrendResult" name="test_valid" time="0.001" /><testcase classname="tests.test_models.TestTrendResult" name="test_r_squared_out_of_range[-0.01]" time="0.001" /><testcase classname="tests.test_models.TestTrendResult" name="test_r_squared_out_of_range[1.01]" time="0.001" /><testcase classname="tests.test_models.TestTrendResult" name="test_p_value_out_of_range[-0.01]" time="0.001" /><testcase classname="tests.test_models.TestTrendResult" name="test_p_value_out_of_range[1.01]" time="0.001" /><testcase classname="tests.test_visualizer" name="test_render_writes_png" time="0.571" /><testcase classname="tests.test_visualizer" name="test_render_creates_missing_output_dir" time="0.607" /></testsuite></testsuites>